2025-01-15 10:22:03 | INFO     | trading_bot.cli | Placing MARKET BUY order...
2025-01-15 10:22:03 | DEBUG    | trading_bot.client | POST https://testnet.binancefuture.com/fapi/v1/order | params={'symbol': 'BTCUSDT', 'side': 'BUY', 'type': 'MARKET', 'quantity': 0.01, 'timestamp': 1736933123412}
2025-01-15 10:22:03 | INFO     | trading_bot.orders | Placing order | symbol=BTCUSDT | side=BUY | type=MARKET | qty=0.01 | price=None | stopPrice=None
2025-01-15 10:22:04 | DEBUG    | trading_bot.client | POST response | status=200 | body={"orderId":4751283901,"symbol":"BTCUSDT","status":"FILLED","clientOrderId":"x-Testnet-abc123","price":"0","avgPrice":"96742.50000","origQty":"0.01","executedQty":"0.01","cumQty":"0.01","cumQuote":"967.42500","timeInForce":"GTC","type":"MARKET","reduceOnly":false,"closePosition":false,"side":"BUY","positionSide":"BOTH","stopPrice":"0","workingType":"CONTRACT_PRICE","priceProtect":false,"origType":"MARKET","updateTime":1736933124005}
2025-01-15 10:22:04 | INFO     | trading_bot.orders | Order placed successfully | orderId=4751283901 | status=FILLED | executedQty=0.01 | avgPrice=96742.50000
2025-01-15 10:22:04 | INFO     | trading_bot.cli | Order placed successfully.

2025-01-15 10:25:47 | INFO     | trading_bot.cli | Placing LIMIT SELL order...
2025-01-15 10:25:47 | DEBUG    | trading_bot.client | POST https://testnet.binancefuture.com/fapi/v1/order | params={'symbol': 'ETHUSDT', 'side': 'SELL', 'type': 'LIMIT', 'quantity': 0.1, 'price': 3500.0, 'timeInForce': 'GTC', 'timestamp': 1736933347891}
2025-01-15 10:25:47 | INFO     | trading_bot.orders | Placing order | symbol=ETHUSDT | side=SELL | type=LIMIT | qty=0.1 | price=3500.0 | stopPrice=None
2025-01-15 10:25:48 | DEBUG    | trading_bot.client | POST response | status=200 | body={"orderId":4751299002,"symbol":"ETHUSDT","status":"NEW","clientOrderId":"x-Testnet-def456","price":"3500.00","avgPrice":"0","origQty":"0.10","executedQty":"0.00","cumQty":"0.00","cumQuote":"0","timeInForce":"GTC","type":"LIMIT","reduceOnly":false,"closePosition":false,"side":"SELL","positionSide":"BOTH","stopPrice":"0","workingType":"CONTRACT_PRICE","priceProtect":false,"origType":"LIMIT","updateTime":1736933348120}
2025-01-15 10:25:48 | INFO     | trading_bot.orders | Order placed successfully | orderId=4751299002 | status=NEW | executedQty=0.00 | avgPrice=0
2025-01-15 10:25:48 | INFO     | trading_bot.cli | Order placed successfully.

2025-01-15 10:31:05 | INFO     | trading_bot.cli | Placing STOP_MARKET BUY order...
2025-01-15 10:31:05 | DEBUG    | trading_bot.client | POST https://testnet.binancefuture.com/fapi/v1/order | params={'symbol': 'BTCUSDT', 'side': 'BUY', 'type': 'STOP_MARKET', 'quantity': 0.005, 'stopPrice': 98000.0, 'timestamp': 1736933465209}
2025-01-15 10:31:05 | INFO     | trading_bot.orders | Placing order | symbol=BTCUSDT | side=BUY | type=STOP_MARKET | qty=0.005 | price=None | stopPrice=98000.0
2025-01-15 10:31:06 | DEBUG    | trading_bot.client | POST response | status=200 | body={"orderId":4751301774,"symbol":"BTCUSDT","status":"NEW","clientOrderId":"x-Testnet-ghi789","price":"0","avgPrice":"0","origQty":"0.005","executedQty":"0.00","cumQty":"0.00","cumQuote":"0","timeInForce":"GTC","type":"STOP_MARKET","reduceOnly":false,"closePosition":false,"side":"BUY","positionSide":"BOTH","stopPrice":"98000.00","workingType":"CONTRACT_PRICE","priceProtect":false,"origType":"STOP_MARKET","updateTime":1736933466003}
2025-01-15 10:31:06 | INFO     | trading_bot.orders | Order placed successfully | orderId=4751301774 | status=NEW | executedQty=0.00 | avgPrice=0
2025-01-15 10:31:06 | INFO     | trading_bot.cli | Order placed successfully.

2025-01-15 10:35:12 | WARNING  | trading_bot.cli | Input validation failed: Side must be one of {'BUY', 'SELL'}, got 'buy' — auto-corrected to 'BUY'
2025-01-15 10:38:22 | ERROR    | trading_bot.client | Binance API error | code=-2019 | msg=Margin is insufficient.
2025-01-15 10:38:22 | ERROR    | trading_bot.cli | Order placement failed (API error): API error -2019: Margin is insufficient.
